<?xml version="1.0" encoding="UTF-8"?>
<testsuite xmlns:xsi="http://www.w3.org/2001/XMLSchema-instance" xsi:noNamespaceSchemaLocation="https://maven.apache.org/surefire/maven-surefire-plugin/xsd/surefire-test-report.xsd" name="com.xuecheng.search.TestIndex" time="16.173" tests="4" errors="4" skipped="0" failures="0">
  <properties>
    <property name="sun.desktop" value="windows"/>
    <property name="awt.toolkit" value="sun.awt.windows.WToolkit"/>
    <property name="file.encoding.pkg" value="sun.io"/>
    <property name="java.specification.version" value="1.8"/>
    <property name="sun.cpu.isalist" value="amd64"/>
    <property name="sun.jnu.encoding" value="GBK"/>
    <property name="java.class.path" value="F:\teach\xcEdu\xcEduService01\xc-service-search\target\test-classes;F:\teach\xcEdu\xcEduService01\xc-service-search\target\classes;F:\repository\org\springframework\cloud\spring-cloud-starter-netflix-eureka-client\2.0.1.RELEASE\spring-cloud-starter-netflix-eureka-client-2.0.1.RELEASE.jar;F:\repository\org\springframework\cloud\spring-cloud-starter\2.0.1.RELEASE\spring-cloud-starter-2.0.1.RELEASE.jar;F:\repository\org\springframework\cloud\spring-cloud-context\2.0.1.RELEASE\spring-cloud-context-2.0.1.RELEASE.jar;F:\repository\org\springframework\cloud\spring-cloud-commons\2.0.1.RELEASE\spring-cloud-commons-2.0.1.RELEASE.jar;F:\repository\org\springframework\security\spring-security-rsa\1.0.5.RELEASE\spring-security-rsa-1.0.5.RELEASE.jar;F:\repository\org\bouncycastle\bcpkix-jdk15on\1.56\bcpkix-jdk15on-1.56.jar;F:\repository\org\bouncycastle\bcprov-jdk15on\1.56\bcprov-jdk15on-1.56.jar;F:\repository\org\springframework\cloud\spring-cloud-netflix-core\2.0.1.RELEASE\spring-cloud-netflix-core-2.0.1.RELEASE.jar;F:\repository\org\springframework\boot\spring-boot-autoconfigure\2.0.1.RELEASE\spring-boot-autoconfigure-2.0.1.RELEASE.jar;F:\repository\org\springframework\boot\spring-boot-starter-aop\2.0.1.RELEASE\spring-boot-starter-aop-2.0.1.RELEASE.jar;F:\repository\org\aspectj\aspectjweaver\1.8.13\aspectjweaver-1.8.13.jar;F:\repository\org\springframework\cloud\spring-cloud-netflix-eureka-client\2.0.1.RELEASE\spring-cloud-netflix-eureka-client-2.0.1.RELEASE.jar;F:\repository\com\netflix\eureka\eureka-client\1.9.3\eureka-client-1.9.3.jar;F:\repository\org\codehaus\jettison\jettison\1.3.7\jettison-1.3.7.jar;F:\repository\stax\stax-api\1.0.1\stax-api-1.0.1.jar;F:\repository\com\netflix\netflix-commons\netflix-eventbus\0.3.0\netflix-eventbus-0.3.0.jar;F:\repository\com\netflix\netflix-commons\netflix-infix\0.3.0\netflix-infix-0.3.0.jar;F:\repository\commons-jxpath\commons-jxpath\1.3\commons-jxpath-1.3.jar;F:\repository\org\antlr\antlr-runtime\3.4\antlr-runtime-3.4.jar;F:\repository\org\antlr\stringtemplate\3.2.1\stringtemplate-3.2.1.jar;F:\repository\com\google\code\gson\gson\2.8.2\gson-2.8.2.jar;F:\repository\org\apache\commons\commons-math\2.2\commons-math-2.2.jar;F:\repository\com\netflix\archaius\archaius-core\0.7.6\archaius-core-0.7.6.jar;F:\repository\javax\ws\rs\jsr311-api\1.1.1\jsr311-api-1.1.1.jar;F:\repository\com\netflix\servo\servo-core\0.12.21\servo-core-0.12.21.jar;F:\repository\com\sun\jersey\jersey-core\1.19.1\jersey-core-1.19.1.jar;F:\repository\com\sun\jersey\jersey-client\1.19.1\jersey-client-1.19.1.jar;F:\repository\com\sun\jersey\contribs\jersey-apache-client4\1.19.1\jersey-apache-client4-1.19.1.jar;F:\repository\org\apache\httpcomponents\httpclient\4.5.5\httpclient-4.5.5.jar;F:\repository\com\google\inject\guice\4.1.0\guice-4.1.0.jar;F:\repository\javax\inject\javax.inject\1\javax.inject-1.jar;F:\repository\aopalliance\aopalliance\1.0\aopalliance-1.0.jar;F:\repository\com\github\vlsi\compactmap\compactmap\1.2.1\compactmap-1.2.1.jar;F:\repository\com\github\andrewoma\dexx\dexx-collections\0.2\dexx-collections-0.2.jar;F:\repository\com\fasterxml\jackson\core\jackson-annotations\2.9.0\jackson-annotations-2.9.0.jar;F:\repository\com\fasterxml\jackson\core\jackson-databind\2.9.5\jackson-databind-2.9.5.jar;F:\repository\com\netflix\eureka\eureka-core\1.9.3\eureka-core-1.9.3.jar;F:\repository\org\codehaus\woodstox\woodstox-core-asl\4.4.1\woodstox-core-asl-4.4.1.jar;F:\repository\javax\xml\stream\stax-api\1.0-2\stax-api-1.0-2.jar;F:\repository\org\codehaus\woodstox\stax2-api\3.1.4\stax2-api-3.1.4.jar;F:\repository\org\springframework\cloud\spring-cloud-starter-netflix-archaius\2.0.1.RELEASE\spring-cloud-starter-netflix-archaius-2.0.1.RELEASE.jar;F:\repository\org\springframework\cloud\spring-cloud-netflix-ribbon\2.0.1.RELEASE\spring-cloud-netflix-ribbon-2.0.1.RELEASE.jar;F:\repository\org\springframework\cloud\spring-cloud-netflix-archaius\2.0.1.RELEASE\spring-cloud-netflix-archaius-2.0.1.RELEASE.jar;F:\repository\commons-configuration\commons-configuration\1.8\commons-configuration-1.8.jar;F:\repository\commons-lang\commons-lang\2.6\commons-lang-2.6.jar;F:\repository\org\springframework\cloud\spring-cloud-starter-netflix-ribbon\2.0.1.RELEASE\spring-cloud-starter-netflix-ribbon-2.0.1.RELEASE.jar;F:\repository\com\netflix\ribbon\ribbon\2.2.5\ribbon-2.2.5.jar;F:\repository\com\netflix\ribbon\ribbon-transport\2.2.5\ribbon-transport-2.2.5.jar;F:\repository\io\reactivex\rxnetty-contexts\0.4.9\rxnetty-contexts-0.4.9.jar;F:\repository\io\reactivex\rxnetty-servo\0.4.9\rxnetty-servo-0.4.9.jar;F:\repository\com\netflix\hystrix\hystrix-core\1.5.12\hystrix-core-1.5.12.jar;F:\repository\io\reactivex\rxnetty\0.4.9\rxnetty-0.4.9.jar;F:\repository\io\netty\netty-codec-http\4.1.23.Final\netty-codec-http-4.1.23.Final.jar;F:\repository\io\netty\netty-codec\4.1.23.Final\netty-codec-4.1.23.Final.jar;F:\repository\io\netty\netty-transport-native-epoll\4.1.23.Final\netty-transport-native-epoll-4.1.23.Final.jar;F:\repository\io\netty\netty-common\4.1.23.Final\netty-common-4.1.23.Final.jar;F:\repository\io\netty\netty-buffer\4.1.23.Final\netty-buffer-4.1.23.Final.jar;F:\repository\io\netty\netty-transport-native-unix-common\4.1.23.Final\netty-transport-native-unix-common-4.1.23.Final.jar;F:\repository\io\netty\netty-transport\4.1.23.Final\netty-transport-4.1.23.Final.jar;F:\repository\io\netty\netty-resolver\4.1.23.Final\netty-resolver-4.1.23.Final.jar;F:\repository\com\netflix\ribbon\ribbon-core\2.2.5\ribbon-core-2.2.5.jar;F:\repository\com\netflix\ribbon\ribbon-httpclient\2.2.5\ribbon-httpclient-2.2.5.jar;F:\repository\commons-collections\commons-collections\3.2.2\commons-collections-3.2.2.jar;F:\repository\com\netflix\netflix-commons\netflix-commons-util\0.3.0\netflix-commons-util-0.3.0.jar;F:\repository\com\netflix\ribbon\ribbon-loadbalancer\2.2.5\ribbon-loadbalancer-2.2.5.jar;F:\repository\com\netflix\netflix-commons\netflix-statistics\0.1.1\netflix-statistics-0.1.1.jar;F:\repository\io\reactivex\rxjava\1.3.8\rxjava-1.3.8.jar;F:\repository\com\netflix\ribbon\ribbon-eureka\2.2.5\ribbon-eureka-2.2.5.jar;F:\repository\org\slf4j\slf4j-api\1.7.25\slf4j-api-1.7.25.jar;F:\repository\com\thoughtworks\xstream\xstream\1.4.10\xstream-1.4.10.jar;F:\repository\xmlpull\xmlpull\1.1.3.1\xmlpull-1.1.3.1.jar;F:\repository\xpp3\xpp3_min\1.1.4c\xpp3_min-1.1.4c.jar;F:\repository\com\xuecheng\xc-framework-model\1.0-SNAPSHOT\xc-framework-model-1.0-SNAPSHOT.jar;F:\repository\com\xuecheng\xc-framework-utils\1.0-SNAPSHOT\xc-framework-utils-1.0-SNAPSHOT.jar;F:\repository\javax\servlet\javax.servlet-api\3.1.0\javax.servlet-api-3.1.0.jar;F:\repository\org\springframework\boot\spring-boot-starter-logging\2.0.1.RELEASE\spring-boot-starter-logging-2.0.1.RELEASE.jar;F:\repository\ch\qos\logback\logback-classic\1.2.3\logback-classic-1.2.3.jar;F:\repository\ch\qos\logback\logback-core\1.2.3\logback-core-1.2.3.jar;F:\repository\org\apache\logging\log4j\log4j-to-slf4j\2.10.0\log4j-to-slf4j-2.10.0.jar;F:\repository\org\slf4j\jul-to-slf4j\1.7.25\jul-to-slf4j-1.7.25.jar;F:\repository\net\lingala\zip4j\zip4j\1.3.1\zip4j-1.3.1.jar;F:\repository\org\springframework\security\spring-security-crypto\5.0.4.RELEASE\spring-security-crypto-5.0.4.RELEASE.jar;F:\repository\org\springframework\security\spring-security-jwt\1.0.8.RELEASE\spring-security-jwt-1.0.8.RELEASE.jar;F:\repository\io\springfox\springfox-swagger2\2.7.0\springfox-swagger2-2.7.0.jar;F:\repository\io\swagger\swagger-annotations\1.5.13\swagger-annotations-1.5.13.jar;F:\repository\io\swagger\swagger-models\1.5.13\swagger-models-1.5.13.jar;F:\repository\io\springfox\springfox-spi\2.7.0\springfox-spi-2.7.0.jar;F:\repository\io\springfox\springfox-core\2.7.0\springfox-core-2.7.0.jar;F:\repository\io\springfox\springfox-schema\2.7.0\springfox-schema-2.7.0.jar;F:\repository\io\springfox\springfox-swagger-common\2.7.0\springfox-swagger-common-2.7.0.jar;F:\repository\io\springfox\springfox-spring-web\2.7.0\springfox-spring-web-2.7.0.jar;F:\repository\org\reflections\reflections\0.9.11\reflections-0.9.11.jar;F:\repository\com\fasterxml\classmate\1.3.4\classmate-1.3.4.jar;F:\repository\org\springframework\plugin\spring-plugin-core\1.2.0.RELEASE\spring-plugin-core-1.2.0.RELEASE.jar;F:\repository\org\springframework\plugin\spring-plugin-metadata\1.2.0.RELEASE\spring-plugin-metadata-1.2.0.RELEASE.jar;F:\repository\org\mapstruct\mapstruct\1.1.0.Final\mapstruct-1.1.0.Final.jar;F:\repository\org\projectlombok\lombok\1.16.16\lombok-1.16.16.jar;F:\repository\org\springframework\data\spring-data-commons\2.0.6.RELEASE\spring-data-commons-2.0.6.RELEASE.jar;F:\repository\org\springframework\spring-beans\5.0.5.RELEASE\spring-beans-5.0.5.RELEASE.jar;F:\repository\org\springframework\data\spring-data-mongodb\2.0.6.RELEASE\spring-data-mongodb-2.0.6.RELEASE.jar;F:\repository\org\springframework\spring-tx\5.0.5.RELEASE\spring-tx-5.0.5.RELEASE.jar;F:\repository\org\springframework\spring-context\5.0.5.RELEASE\spring-context-5.0.5.RELEASE.jar;F:\repository\org\springframework\spring-expression\5.0.5.RELEASE\spring-expression-5.0.5.RELEASE.jar;F:\repository\org\mongodb\mongo-java-driver\3.6.3\mongo-java-driver-3.6.3.jar;F:\repository\org\hibernate\hibernate-core\5.2.16.Final\hibernate-core-5.2.16.Final.jar;F:\repository\org\jboss\logging\jboss-logging\3.3.2.Final\jboss-logging-3.3.2.Final.jar;F:\repository\org\hibernate\javax\persistence\hibernate-jpa-2.1-api\1.0.0.Final\hibernate-jpa-2.1-api-1.0.0.Final.jar;F:\repository\org\javassist\javassist\3.22.0-GA\javassist-3.22.0-GA.jar;F:\repository\antlr\antlr\2.7.7\antlr-2.7.7.jar;F:\repository\org\jboss\spec\javax\transaction\jboss-transaction-api_1.2_spec\1.0.1.Final\jboss-transaction-api_1.2_spec-1.0.1.Final.jar;F:\repository\org\jboss\jandex\2.0.3.Final\jandex-2.0.3.Final.jar;F:\repository\dom4j\dom4j\1.6.1\dom4j-1.6.1.jar;F:\repository\org\hibernate\common\hibernate-commons-annotations\5.0.1.Final\hibernate-commons-annotations-5.0.1.Final.jar;F:\repository\com\google\guava\guava\24.0-jre\guava-24.0-jre.jar;F:\repository\com\google\code\findbugs\jsr305\1.3.9\jsr305-1.3.9.jar;F:\repository\org\checkerframework\checker-compat-qual\2.0.0\checker-compat-qual-2.0.0.jar;F:\repository\com\google\errorprone\error_prone_annotations\2.1.3\error_prone_annotations-2.1.3.jar;F:\repository\com\google\j2objc\j2objc-annotations\1.1\j2objc-annotations-1.1.jar;F:\repository\org\codehaus\mojo\animal-sniffer-annotations\1.14\animal-sniffer-annotations-1.14.jar;F:\repository\com\xuecheng\xc-framework-common\1.0-SNAPSHOT\xc-framework-common-1.0-SNAPSHOT.jar;F:\repository\org\springframework\cloud\spring-cloud-starter-openfeign\2.0.1.RELEASE\spring-cloud-starter-openfeign-2.0.1.RELEASE.jar;F:\repository\org\springframework\cloud\spring-cloud-openfeign-core\2.0.1.RELEASE\spring-cloud-openfeign-core-2.0.1.RELEASE.jar;F:\repository\io\github\openfeign\feign-core\9.5.1\feign-core-9.5.1.jar;F:\repository\io\github\openfeign\feign-slf4j\9.5.1\feign-slf4j-9.5.1.jar;F:\repository\io\github\openfeign\feign-hystrix\9.5.1\feign-hystrix-9.5.1.jar;F:\repository\io\github\openfeign\feign-java8\9.5.1\feign-java8-9.5.1.jar;F:\repository\org\springframework\spring-web\5.0.5.RELEASE\spring-web-5.0.5.RELEASE.jar;F:\repository\com\xuecheng\xc-service-api\1.0-SNAPSHOT\xc-service-api-1.0-SNAPSHOT.jar;F:\repository\commons-fileupload\commons-fileupload\1.3.3\commons-fileupload-1.3.3.jar;F:\repository\io\springfox\springfox-swagger-ui\2.7.0\springfox-swagger-ui-2.7.0.jar;F:\repository\org\springframework\boot\spring-boot-starter-web\2.0.1.RELEASE\spring-boot-starter-web-2.0.1.RELEASE.jar;F:\repository\org\springframework\boot\spring-boot-starter\2.0.1.RELEASE\spring-boot-starter-2.0.1.RELEASE.jar;F:\repository\org\springframework\boot\spring-boot\2.0.1.RELEASE\spring-boot-2.0.1.RELEASE.jar;F:\repository\javax\annotation\javax.annotation-api\1.3.2\javax.annotation-api-1.3.2.jar;F:\repository\org\springframework\boot\spring-boot-starter-json\2.0.1.RELEASE\spring-boot-starter-json-2.0.1.RELEASE.jar;F:\repository\com\fasterxml\jackson\datatype\jackson-datatype-jdk8\2.9.5\jackson-datatype-jdk8-2.9.5.jar;F:\repository\com\fasterxml\jackson\datatype\jackson-datatype-jsr310\2.9.5\jackson-datatype-jsr310-2.9.5.jar;F:\repository\com\fasterxml\jackson\module\jackson-module-parameter-names\2.9.5\jackson-module-parameter-names-2.9.5.jar;F:\repository\org\springframework\boot\spring-boot-starter-tomcat\2.0.1.RELEASE\spring-boot-starter-tomcat-2.0.1.RELEASE.jar;F:\repository\org\apache\tomcat\embed\tomcat-embed-core\8.5.28\tomcat-embed-core-8.5.28.jar;F:\repository\org\apache\tomcat\embed\tomcat-embed-el\8.5.28\tomcat-embed-el-8.5.28.jar;F:\repository\org\apache\tomcat\embed\tomcat-embed-websocket\8.5.28\tomcat-embed-websocket-8.5.28.jar;F:\repository\org\hibernate\validator\hibernate-validator\6.0.9.Final\hibernate-validator-6.0.9.Final.jar;F:\repository\javax\validation\validation-api\2.0.1.Final\validation-api-2.0.1.Final.jar;F:\repository\org\springframework\spring-webmvc\5.0.5.RELEASE\spring-webmvc-5.0.5.RELEASE.jar;F:\repository\org\springframework\spring-aop\5.0.5.RELEASE\spring-aop-5.0.5.RELEASE.jar;F:\repository\org\elasticsearch\client\elasticsearch-rest-high-level-client\6.2.1\elasticsearch-rest-high-level-client-6.2.1.jar;F:\repository\org\elasticsearch\client\elasticsearch-rest-client\6.2.1\elasticsearch-rest-client-6.2.1.jar;F:\repository\org\apache\httpcomponents\httpcore\4.4.9\httpcore-4.4.9.jar;F:\repository\org\apache\httpcomponents\httpasyncclient\4.1.3\httpasyncclient-4.1.3.jar;F:\repository\org\apache\httpcomponents\httpcore-nio\4.4.9\httpcore-nio-4.4.9.jar;F:\repository\commons-codec\commons-codec\1.10\commons-codec-1.10.jar;F:\repository\commons-logging\commons-logging\1.1.3\commons-logging-1.1.3.jar;F:\repository\org\elasticsearch\plugin\parent-join-client\6.2.1\parent-join-client-6.2.1.jar;F:\repository\org\locationtech\spatial4j\spatial4j\0.6\spatial4j-0.6.jar;F:\repository\com\vividsolutions\jts\1.13\jts-1.13.jar;F:\repository\org\apache\logging\log4j\log4j-core\2.10.0\log4j-core-2.10.0.jar;F:\repository\org\elasticsearch\plugin\aggs-matrix-stats-client\6.2.1\aggs-matrix-stats-client-6.2.1.jar;F:\repository\org\elasticsearch\plugin\rank-eval-client\6.2.1\rank-eval-client-6.2.1.jar;F:\repository\org\elasticsearch\elasticsearch\6.2.1\elasticsearch-6.2.1.jar;F:\repository\org\elasticsearch\elasticsearch-core\6.2.1\elasticsearch-core-6.2.1.jar;F:\repository\org\apache\lucene\lucene-core\7.2.1\lucene-core-7.2.1.jar;F:\repository\org\apache\lucene\lucene-analyzers-common\7.2.1\lucene-analyzers-common-7.2.1.jar;F:\repository\org\apache\lucene\lucene-backward-codecs\7.2.1\lucene-backward-codecs-7.2.1.jar;F:\repository\org\apache\lucene\lucene-grouping\7.2.1\lucene-grouping-7.2.1.jar;F:\repository\org\apache\lucene\lucene-highlighter\7.2.1\lucene-highlighter-7.2.1.jar;F:\repository\org\apache\lucene\lucene-join\7.2.1\lucene-join-7.2.1.jar;F:\repository\org\apache\lucene\lucene-memory\7.2.1\lucene-memory-7.2.1.jar;F:\repository\org\apache\lucene\lucene-misc\7.2.1\lucene-misc-7.2.1.jar;F:\repository\org\apache\lucene\lucene-queries\7.2.1\lucene-queries-7.2.1.jar;F:\repository\org\apache\lucene\lucene-queryparser\7.2.1\lucene-queryparser-7.2.1.jar;F:\repository\org\apache\lucene\lucene-sandbox\7.2.1\lucene-sandbox-7.2.1.jar;F:\repository\org\apache\lucene\lucene-spatial\7.2.1\lucene-spatial-7.2.1.jar;F:\repository\org\apache\lucene\lucene-spatial-extras\7.2.1\lucene-spatial-extras-7.2.1.jar;F:\repository\org\apache\lucene\lucene-spatial3d\7.2.1\lucene-spatial3d-7.2.1.jar;F:\repository\org\apache\lucene\lucene-suggest\7.2.1\lucene-suggest-7.2.1.jar;F:\repository\org\elasticsearch\securesm\1.2\securesm-1.2.jar;F:\repository\org\elasticsearch\elasticsearch-cli\6.2.1\elasticsearch-cli-6.2.1.jar;F:\repository\net\sf\jopt-simple\jopt-simple\5.0.2\jopt-simple-5.0.2.jar;F:\repository\com\carrotsearch\hppc\0.7.1\hppc-0.7.1.jar;F:\repository\joda-time\joda-time\2.9.9\joda-time-2.9.9.jar;F:\repository\org\yaml\snakeyaml\1.19\snakeyaml-1.19.jar;F:\repository\com\fasterxml\jackson\core\jackson-core\2.9.5\jackson-core-2.9.5.jar;F:\repository\com\fasterxml\jackson\dataformat\jackson-dataformat-smile\2.9.5\jackson-dataformat-smile-2.9.5.jar;F:\repository\com\fasterxml\jackson\dataformat\jackson-dataformat-yaml\2.9.5\jackson-dataformat-yaml-2.9.5.jar;F:\repository\com\fasterxml\jackson\dataformat\jackson-dataformat-cbor\2.9.5\jackson-dataformat-cbor-2.9.5.jar;F:\repository\com\tdunning\t-digest\3.0\t-digest-3.0.jar;F:\repository\org\hdrhistogram\HdrHistogram\2.1.9\HdrHistogram-2.1.9.jar;F:\repository\org\apache\logging\log4j\log4j-api\2.10.0\log4j-api-2.10.0.jar;F:\repository\org\elasticsearch\jna\4.5.1\jna-4.5.1.jar;F:\repository\org\springframework\boot\spring-boot-starter-test\2.0.1.RELEASE\spring-boot-starter-test-2.0.1.RELEASE.jar;F:\repository\org\springframework\boot\spring-boot-test\2.0.1.RELEASE\spring-boot-test-2.0.1.RELEASE.jar;F:\repository\org\springframework\boot\spring-boot-test-autoconfigure\2.0.1.RELEASE\spring-boot-test-autoconfigure-2.0.1.RELEASE.jar;F:\repository\com\jayway\jsonpath\json-path\2.4.0\json-path-2.4.0.jar;F:\repository\net\minidev\json-smart\2.3\json-smart-2.3.jar;F:\repository\net\minidev\accessors-smart\1.2\accessors-smart-1.2.jar;F:\repository\org\ow2\asm\asm\5.0.4\asm-5.0.4.jar;F:\repository\junit\junit\4.12\junit-4.12.jar;F:\repository\org\assertj\assertj-core\3.9.1\assertj-core-3.9.1.jar;F:\repository\org\mockito\mockito-core\2.15.0\mockito-core-2.15.0.jar;F:\repository\net\bytebuddy\byte-buddy\1.7.11\byte-buddy-1.7.11.jar;F:\repository\net\bytebuddy\byte-buddy-agent\1.7.11\byte-buddy-agent-1.7.11.jar;F:\repository\org\objenesis\objenesis\2.6\objenesis-2.6.jar;F:\repository\org\hamcrest\hamcrest-core\1.3\hamcrest-core-1.3.jar;F:\repository\org\hamcrest\hamcrest-library\1.3\hamcrest-library-1.3.jar;F:\repository\org\skyscreamer\jsonassert\1.5.0\jsonassert-1.5.0.jar;F:\repository\com\vaadin\external\google\android-json\0.0.20131108.vaadin1\android-json-0.0.20131108.vaadin1.jar;F:\repository\org\springframework\spring-core\5.0.5.RELEASE\spring-core-5.0.5.RELEASE.jar;F:\repository\org\springframework\spring-jcl\5.0.5.RELEASE\spring-jcl-5.0.5.RELEASE.jar;F:\repository\org\springframework\spring-test\5.0.5.RELEASE\spring-test-5.0.5.RELEASE.jar;F:\repository\org\xmlunit\xmlunit-core\2.5.1\xmlunit-core-2.5.1.jar;F:\repository\com\alibaba\fastjson\1.2.30\fastjson-1.2.30.jar;F:\repository\commons-io\commons-io\1.3.2\commons-io-1.3.2.jar;F:\repository\org\apache\commons\commons-lang3\3.6\commons-lang3-3.6.jar;"/>
    <property name="java.vm.vendor" value="Oracle Corporation"/>
    <property name="sun.arch.data.model" value="64"/>
    <property name="user.variant" value=""/>
    <property name="java.vendor.url" value="http://java.oracle.com/"/>
    <property name="user.timezone" value=""/>
    <property name="java.vm.specification.version" value="1.8"/>
    <property name="os.name" value="Windows 7"/>
    <property name="user.country" value="CN"/>
    <property name="sun.java.launcher" value="SUN_STANDARD"/>
    <property name="sun.boot.library.path" value="F:\develop\Java\jdk1.8.0_131\jre\bin"/>
    <property name="sun.java.command" value="C:\Users\Administrator\AppData\Local\Temp\surefire4896801120292268056\surefirebooter6468327262971682044.jar C:\Users\Administrator\AppData\Local\Temp\surefire4896801120292268056 2019-08-17T19-07-57_470-jvmRun1 surefire8041104067700675140tmp surefire_04292018431392109112tmp"/>
    <property name="surefire.test.class.path" value="F:\teach\xcEdu\xcEduService01\xc-service-search\target\test-classes;F:\teach\xcEdu\xcEduService01\xc-service-search\target\classes;F:\repository\org\springframework\cloud\spring-cloud-starter-netflix-eureka-client\2.0.1.RELEASE\spring-cloud-starter-netflix-eureka-client-2.0.1.RELEASE.jar;F:\repository\org\springframework\cloud\spring-cloud-starter\2.0.1.RELEASE\spring-cloud-starter-2.0.1.RELEASE.jar;F:\repository\org\springframework\cloud\spring-cloud-context\2.0.1.RELEASE\spring-cloud-context-2.0.1.RELEASE.jar;F:\repository\org\springframework\cloud\spring-cloud-commons\2.0.1.RELEASE\spring-cloud-commons-2.0.1.RELEASE.jar;F:\repository\org\springframework\security\spring-security-rsa\1.0.5.RELEASE\spring-security-rsa-1.0.5.RELEASE.jar;F:\repository\org\bouncycastle\bcpkix-jdk15on\1.56\bcpkix-jdk15on-1.56.jar;F:\repository\org\bouncycastle\bcprov-jdk15on\1.56\bcprov-jdk15on-1.56.jar;F:\repository\org\springframework\cloud\spring-cloud-netflix-core\2.0.1.RELEASE\spring-cloud-netflix-core-2.0.1.RELEASE.jar;F:\repository\org\springframework\boot\spring-boot-autoconfigure\2.0.1.RELEASE\spring-boot-autoconfigure-2.0.1.RELEASE.jar;F:\repository\org\springframework\boot\spring-boot-starter-aop\2.0.1.RELEASE\spring-boot-starter-aop-2.0.1.RELEASE.jar;F:\repository\org\aspectj\aspectjweaver\1.8.13\aspectjweaver-1.8.13.jar;F:\repository\org\springframework\cloud\spring-cloud-netflix-eureka-client\2.0.1.RELEASE\spring-cloud-netflix-eureka-client-2.0.1.RELEASE.jar;F:\repository\com\netflix\eureka\eureka-client\1.9.3\eureka-client-1.9.3.jar;F:\repository\org\codehaus\jettison\jettison\1.3.7\jettison-1.3.7.jar;F:\repository\stax\stax-api\1.0.1\stax-api-1.0.1.jar;F:\repository\com\netflix\netflix-commons\netflix-eventbus\0.3.0\netflix-eventbus-0.3.0.jar;F:\repository\com\netflix\netflix-commons\netflix-infix\0.3.0\netflix-infix-0.3.0.jar;F:\repository\commons-jxpath\commons-jxpath\1.3\commons-jxpath-1.3.jar;F:\repository\org\antlr\antlr-runtime\3.4\antlr-runtime-3.4.jar;F:\repository\org\antlr\stringtemplate\3.2.1\stringtemplate-3.2.1.jar;F:\repository\com\google\code\gson\gson\2.8.2\gson-2.8.2.jar;F:\repository\org\apache\commons\commons-math\2.2\commons-math-2.2.jar;F:\repository\com\netflix\archaius\archaius-core\0.7.6\archaius-core-0.7.6.jar;F:\repository\javax\ws\rs\jsr311-api\1.1.1\jsr311-api-1.1.1.jar;F:\repository\com\netflix\servo\servo-core\0.12.21\servo-core-0.12.21.jar;F:\repository\com\sun\jersey\jersey-core\1.19.1\jersey-core-1.19.1.jar;F:\repository\com\sun\jersey\jersey-client\1.19.1\jersey-client-1.19.1.jar;F:\repository\com\sun\jersey\contribs\jersey-apache-client4\1.19.1\jersey-apache-client4-1.19.1.jar;F:\repository\org\apache\httpcomponents\httpclient\4.5.5\httpclient-4.5.5.jar;F:\repository\com\google\inject\guice\4.1.0\guice-4.1.0.jar;F:\repository\javax\inject\javax.inject\1\javax.inject-1.jar;F:\repository\aopalliance\aopalliance\1.0\aopalliance-1.0.jar;F:\repository\com\github\vlsi\compactmap\compactmap\1.2.1\compactmap-1.2.1.jar;F:\repository\com\github\andrewoma\dexx\dexx-collections\0.2\dexx-collections-0.2.jar;F:\repository\com\fasterxml\jackson\core\jackson-annotations\2.9.0\jackson-annotations-2.9.0.jar;F:\repository\com\fasterxml\jackson\core\jackson-databind\2.9.5\jackson-databind-2.9.5.jar;F:\repository\com\netflix\eureka\eureka-core\1.9.3\eureka-core-1.9.3.jar;F:\repository\org\codehaus\woodstox\woodstox-core-asl\4.4.1\woodstox-core-asl-4.4.1.jar;F:\repository\javax\xml\stream\stax-api\1.0-2\stax-api-1.0-2.jar;F:\repository\org\codehaus\woodstox\stax2-api\3.1.4\stax2-api-3.1.4.jar;F:\repository\org\springframework\cloud\spring-cloud-starter-netflix-archaius\2.0.1.RELEASE\spring-cloud-starter-netflix-archaius-2.0.1.RELEASE.jar;F:\repository\org\springframework\cloud\spring-cloud-netflix-ribbon\2.0.1.RELEASE\spring-cloud-netflix-ribbon-2.0.1.RELEASE.jar;F:\repository\org\springframework\cloud\spring-cloud-netflix-archaius\2.0.1.RELEASE\spring-cloud-netflix-archaius-2.0.1.RELEASE.jar;F:\repository\commons-configuration\commons-configuration\1.8\commons-configuration-1.8.jar;F:\repository\commons-lang\commons-lang\2.6\commons-lang-2.6.jar;F:\repository\org\springframework\cloud\spring-cloud-starter-netflix-ribbon\2.0.1.RELEASE\spring-cloud-starter-netflix-ribbon-2.0.1.RELEASE.jar;F:\repository\com\netflix\ribbon\ribbon\2.2.5\ribbon-2.2.5.jar;F:\repository\com\netflix\ribbon\ribbon-transport\2.2.5\ribbon-transport-2.2.5.jar;F:\repository\io\reactivex\rxnetty-contexts\0.4.9\rxnetty-contexts-0.4.9.jar;F:\repository\io\reactivex\rxnetty-servo\0.4.9\rxnetty-servo-0.4.9.jar;F:\repository\com\netflix\hystrix\hystrix-core\1.5.12\hystrix-core-1.5.12.jar;F:\repository\io\reactivex\rxnetty\0.4.9\rxnetty-0.4.9.jar;F:\repository\io\netty\netty-codec-http\4.1.23.Final\netty-codec-http-4.1.23.Final.jar;F:\repository\io\netty\netty-codec\4.1.23.Final\netty-codec-4.1.23.Final.jar;F:\repository\io\netty\netty-transport-native-epoll\4.1.23.Final\netty-transport-native-epoll-4.1.23.Final.jar;F:\repository\io\netty\netty-common\4.1.23.Final\netty-common-4.1.23.Final.jar;F:\repository\io\netty\netty-buffer\4.1.23.Final\netty-buffer-4.1.23.Final.jar;F:\repository\io\netty\netty-transport-native-unix-common\4.1.23.Final\netty-transport-native-unix-common-4.1.23.Final.jar;F:\repository\io\netty\netty-transport\4.1.23.Final\netty-transport-4.1.23.Final.jar;F:\repository\io\netty\netty-resolver\4.1.23.Final\netty-resolver-4.1.23.Final.jar;F:\repository\com\netflix\ribbon\ribbon-core\2.2.5\ribbon-core-2.2.5.jar;F:\repository\com\netflix\ribbon\ribbon-httpclient\2.2.5\ribbon-httpclient-2.2.5.jar;F:\repository\commons-collections\commons-collections\3.2.2\commons-collections-3.2.2.jar;F:\repository\com\netflix\netflix-commons\netflix-commons-util\0.3.0\netflix-commons-util-0.3.0.jar;F:\repository\com\netflix\ribbon\ribbon-loadbalancer\2.2.5\ribbon-loadbalancer-2.2.5.jar;F:\repository\com\netflix\netflix-commons\netflix-statistics\0.1.1\netflix-statistics-0.1.1.jar;F:\repository\io\reactivex\rxjava\1.3.8\rxjava-1.3.8.jar;F:\repository\com\netflix\ribbon\ribbon-eureka\2.2.5\ribbon-eureka-2.2.5.jar;F:\repository\org\slf4j\slf4j-api\1.7.25\slf4j-api-1.7.25.jar;F:\repository\com\thoughtworks\xstream\xstream\1.4.10\xstream-1.4.10.jar;F:\repository\xmlpull\xmlpull\1.1.3.1\xmlpull-1.1.3.1.jar;F:\repository\xpp3\xpp3_min\1.1.4c\xpp3_min-1.1.4c.jar;F:\repository\com\xuecheng\xc-framework-model\1.0-SNAPSHOT\xc-framework-model-1.0-SNAPSHOT.jar;F:\repository\com\xuecheng\xc-framework-utils\1.0-SNAPSHOT\xc-framework-utils-1.0-SNAPSHOT.jar;F:\repository\javax\servlet\javax.servlet-api\3.1.0\javax.servlet-api-3.1.0.jar;F:\repository\org\springframework\boot\spring-boot-starter-logging\2.0.1.RELEASE\spring-boot-starter-logging-2.0.1.RELEASE.jar;F:\repository\ch\qos\logback\logback-classic\1.2.3\logback-classic-1.2.3.jar;F:\repository\ch\qos\logback\logback-core\1.2.3\logback-core-1.2.3.jar;F:\repository\org\apache\logging\log4j\log4j-to-slf4j\2.10.0\log4j-to-slf4j-2.10.0.jar;F:\repository\org\slf4j\jul-to-slf4j\1.7.25\jul-to-slf4j-1.7.25.jar;F:\repository\net\lingala\zip4j\zip4j\1.3.1\zip4j-1.3.1.jar;F:\repository\org\springframework\security\spring-security-crypto\5.0.4.RELEASE\spring-security-crypto-5.0.4.RELEASE.jar;F:\repository\org\springframework\security\spring-security-jwt\1.0.8.RELEASE\spring-security-jwt-1.0.8.RELEASE.jar;F:\repository\io\springfox\springfox-swagger2\2.7.0\springfox-swagger2-2.7.0.jar;F:\repository\io\swagger\swagger-annotations\1.5.13\swagger-annotations-1.5.13.jar;F:\repository\io\swagger\swagger-models\1.5.13\swagger-models-1.5.13.jar;F:\repository\io\springfox\springfox-spi\2.7.0\springfox-spi-2.7.0.jar;F:\repository\io\springfox\springfox-core\2.7.0\springfox-core-2.7.0.jar;F:\repository\io\springfox\springfox-schema\2.7.0\springfox-schema-2.7.0.jar;F:\repository\io\springfox\springfox-swagger-common\2.7.0\springfox-swagger-common-2.7.0.jar;F:\repository\io\springfox\springfox-spring-web\2.7.0\springfox-spring-web-2.7.0.jar;F:\repository\org\reflections\reflections\0.9.11\reflections-0.9.11.jar;F:\repository\com\fasterxml\classmate\1.3.4\classmate-1.3.4.jar;F:\repository\org\springframework\plugin\spring-plugin-core\1.2.0.RELEASE\spring-plugin-core-1.2.0.RELEASE.jar;F:\repository\org\springframework\plugin\spring-plugin-metadata\1.2.0.RELEASE\spring-plugin-metadata-1.2.0.RELEASE.jar;F:\repository\org\mapstruct\mapstruct\1.1.0.Final\mapstruct-1.1.0.Final.jar;F:\repository\org\projectlombok\lombok\1.16.16\lombok-1.16.16.jar;F:\repository\org\springframework\data\spring-data-commons\2.0.6.RELEASE\spring-data-commons-2.0.6.RELEASE.jar;F:\repository\org\springframework\spring-beans\5.0.5.RELEASE\spring-beans-5.0.5.RELEASE.jar;F:\repository\org\springframework\data\spring-data-mongodb\2.0.6.RELEASE\spring-data-mongodb-2.0.6.RELEASE.jar;F:\repository\org\springframework\spring-tx\5.0.5.RELEASE\spring-tx-5.0.5.RELEASE.jar;F:\repository\org\springframework\spring-context\5.0.5.RELEASE\spring-context-5.0.5.RELEASE.jar;F:\repository\org\springframework\spring-expression\5.0.5.RELEASE\spring-expression-5.0.5.RELEASE.jar;F:\repository\org\mongodb\mongo-java-driver\3.6.3\mongo-java-driver-3.6.3.jar;F:\repository\org\hibernate\hibernate-core\5.2.16.Final\hibernate-core-5.2.16.Final.jar;F:\repository\org\jboss\logging\jboss-logging\3.3.2.Final\jboss-logging-3.3.2.Final.jar;F:\repository\org\hibernate\javax\persistence\hibernate-jpa-2.1-api\1.0.0.Final\hibernate-jpa-2.1-api-1.0.0.Final.jar;F:\repository\org\javassist\javassist\3.22.0-GA\javassist-3.22.0-GA.jar;F:\repository\antlr\antlr\2.7.7\antlr-2.7.7.jar;F:\repository\org\jboss\spec\javax\transaction\jboss-transaction-api_1.2_spec\1.0.1.Final\jboss-transaction-api_1.2_spec-1.0.1.Final.jar;F:\repository\org\jboss\jandex\2.0.3.Final\jandex-2.0.3.Final.jar;F:\repository\dom4j\dom4j\1.6.1\dom4j-1.6.1.jar;F:\repository\org\hibernate\common\hibernate-commons-annotations\5.0.1.Final\hibernate-commons-annotations-5.0.1.Final.jar;F:\repository\com\google\guava\guava\24.0-jre\guava-24.0-jre.jar;F:\repository\com\google\code\findbugs\jsr305\1.3.9\jsr305-1.3.9.jar;F:\repository\org\checkerframework\checker-compat-qual\2.0.0\checker-compat-qual-2.0.0.jar;F:\repository\com\google\errorprone\error_prone_annotations\2.1.3\error_prone_annotations-2.1.3.jar;F:\repository\com\google\j2objc\j2objc-annotations\1.1\j2objc-annotations-1.1.jar;F:\repository\org\codehaus\mojo\animal-sniffer-annotations\1.14\animal-sniffer-annotations-1.14.jar;F:\repository\com\xuecheng\xc-framework-common\1.0-SNAPSHOT\xc-framework-common-1.0-SNAPSHOT.jar;F:\repository\org\springframework\cloud\spring-cloud-starter-openfeign\2.0.1.RELEASE\spring-cloud-starter-openfeign-2.0.1.RELEASE.jar;F:\repository\org\springframework\cloud\spring-cloud-openfeign-core\2.0.1.RELEASE\spring-cloud-openfeign-core-2.0.1.RELEASE.jar;F:\repository\io\github\openfeign\feign-core\9.5.1\feign-core-9.5.1.jar;F:\repository\io\github\openfeign\feign-slf4j\9.5.1\feign-slf4j-9.5.1.jar;F:\repository\io\github\openfeign\feign-hystrix\9.5.1\feign-hystrix-9.5.1.jar;F:\repository\io\github\openfeign\feign-java8\9.5.1\feign-java8-9.5.1.jar;F:\repository\org\springframework\spring-web\5.0.5.RELEASE\spring-web-5.0.5.RELEASE.jar;F:\repository\com\xuecheng\xc-service-api\1.0-SNAPSHOT\xc-service-api-1.0-SNAPSHOT.jar;F:\repository\commons-fileupload\commons-fileupload\1.3.3\commons-fileupload-1.3.3.jar;F:\repository\io\springfox\springfox-swagger-ui\2.7.0\springfox-swagger-ui-2.7.0.jar;F:\repository\org\springframework\boot\spring-boot-starter-web\2.0.1.RELEASE\spring-boot-starter-web-2.0.1.RELEASE.jar;F:\repository\org\springframework\boot\spring-boot-starter\2.0.1.RELEASE\spring-boot-starter-2.0.1.RELEASE.jar;F:\repository\org\springframework\boot\spring-boot\2.0.1.RELEASE\spring-boot-2.0.1.RELEASE.jar;F:\repository\javax\annotation\javax.annotation-api\1.3.2\javax.annotation-api-1.3.2.jar;F:\repository\org\springframework\boot\spring-boot-starter-json\2.0.1.RELEASE\spring-boot-starter-json-2.0.1.RELEASE.jar;F:\repository\com\fasterxml\jackson\datatype\jackson-datatype-jdk8\2.9.5\jackson-datatype-jdk8-2.9.5.jar;F:\repository\com\fasterxml\jackson\datatype\jackson-datatype-jsr310\2.9.5\jackson-datatype-jsr310-2.9.5.jar;F:\repository\com\fasterxml\jackson\module\jackson-module-parameter-names\2.9.5\jackson-module-parameter-names-2.9.5.jar;F:\repository\org\springframework\boot\spring-boot-starter-tomcat\2.0.1.RELEASE\spring-boot-starter-tomcat-2.0.1.RELEASE.jar;F:\repository\org\apache\tomcat\embed\tomcat-embed-core\8.5.28\tomcat-embed-core-8.5.28.jar;F:\repository\org\apache\tomcat\embed\tomcat-embed-el\8.5.28\tomcat-embed-el-8.5.28.jar;F:\repository\org\apache\tomcat\embed\tomcat-embed-websocket\8.5.28\tomcat-embed-websocket-8.5.28.jar;F:\repository\org\hibernate\validator\hibernate-validator\6.0.9.Final\hibernate-validator-6.0.9.Final.jar;F:\repository\javax\validation\validation-api\2.0.1.Final\validation-api-2.0.1.Final.jar;F:\repository\org\springframework\spring-webmvc\5.0.5.RELEASE\spring-webmvc-5.0.5.RELEASE.jar;F:\repository\org\springframework\spring-aop\5.0.5.RELEASE\spring-aop-5.0.5.RELEASE.jar;F:\repository\org\elasticsearch\client\elasticsearch-rest-high-level-client\6.2.1\elasticsearch-rest-high-level-client-6.2.1.jar;F:\repository\org\elasticsearch\client\elasticsearch-rest-client\6.2.1\elasticsearch-rest-client-6.2.1.jar;F:\repository\org\apache\httpcomponents\httpcore\4.4.9\httpcore-4.4.9.jar;F:\repository\org\apache\httpcomponents\httpasyncclient\4.1.3\httpasyncclient-4.1.3.jar;F:\repository\org\apache\httpcomponents\httpcore-nio\4.4.9\httpcore-nio-4.4.9.jar;F:\repository\commons-codec\commons-codec\1.10\commons-codec-1.10.jar;F:\repository\commons-logging\commons-logging\1.1.3\commons-logging-1.1.3.jar;F:\repository\org\elasticsearch\plugin\parent-join-client\6.2.1\parent-join-client-6.2.1.jar;F:\repository\org\locationtech\spatial4j\spatial4j\0.6\spatial4j-0.6.jar;F:\repository\com\vividsolutions\jts\1.13\jts-1.13.jar;F:\repository\org\apache\logging\log4j\log4j-core\2.10.0\log4j-core-2.10.0.jar;F:\repository\org\elasticsearch\plugin\aggs-matrix-stats-client\6.2.1\aggs-matrix-stats-client-6.2.1.jar;F:\repository\org\elasticsearch\plugin\rank-eval-client\6.2.1\rank-eval-client-6.2.1.jar;F:\repository\org\elasticsearch\elasticsearch\6.2.1\elasticsearch-6.2.1.jar;F:\repository\org\elasticsearch\elasticsearch-core\6.2.1\elasticsearch-core-6.2.1.jar;F:\repository\org\apache\lucene\lucene-core\7.2.1\lucene-core-7.2.1.jar;F:\repository\org\apache\lucene\lucene-analyzers-common\7.2.1\lucene-analyzers-common-7.2.1.jar;F:\repository\org\apache\lucene\lucene-backward-codecs\7.2.1\lucene-backward-codecs-7.2.1.jar;F:\repository\org\apache\lucene\lucene-grouping\7.2.1\lucene-grouping-7.2.1.jar;F:\repository\org\apache\lucene\lucene-highlighter\7.2.1\lucene-highlighter-7.2.1.jar;F:\repository\org\apache\lucene\lucene-join\7.2.1\lucene-join-7.2.1.jar;F:\repository\org\apache\lucene\lucene-memory\7.2.1\lucene-memory-7.2.1.jar;F:\repository\org\apache\lucene\lucene-misc\7.2.1\lucene-misc-7.2.1.jar;F:\repository\org\apache\lucene\lucene-queries\7.2.1\lucene-queries-7.2.1.jar;F:\repository\org\apache\lucene\lucene-queryparser\7.2.1\lucene-queryparser-7.2.1.jar;F:\repository\org\apache\lucene\lucene-sandbox\7.2.1\lucene-sandbox-7.2.1.jar;F:\repository\org\apache\lucene\lucene-spatial\7.2.1\lucene-spatial-7.2.1.jar;F:\repository\org\apache\lucene\lucene-spatial-extras\7.2.1\lucene-spatial-extras-7.2.1.jar;F:\repository\org\apache\lucene\lucene-spatial3d\7.2.1\lucene-spatial3d-7.2.1.jar;F:\repository\org\apache\lucene\lucene-suggest\7.2.1\lucene-suggest-7.2.1.jar;F:\repository\org\elasticsearch\securesm\1.2\securesm-1.2.jar;F:\repository\org\elasticsearch\elasticsearch-cli\6.2.1\elasticsearch-cli-6.2.1.jar;F:\repository\net\sf\jopt-simple\jopt-simple\5.0.2\jopt-simple-5.0.2.jar;F:\repository\com\carrotsearch\hppc\0.7.1\hppc-0.7.1.jar;F:\repository\joda-time\joda-time\2.9.9\joda-time-2.9.9.jar;F:\repository\org\yaml\snakeyaml\1.19\snakeyaml-1.19.jar;F:\repository\com\fasterxml\jackson\core\jackson-core\2.9.5\jackson-core-2.9.5.jar;F:\repository\com\fasterxml\jackson\dataformat\jackson-dataformat-smile\2.9.5\jackson-dataformat-smile-2.9.5.jar;F:\repository\com\fasterxml\jackson\dataformat\jackson-dataformat-yaml\2.9.5\jackson-dataformat-yaml-2.9.5.jar;F:\repository\com\fasterxml\jackson\dataformat\jackson-dataformat-cbor\2.9.5\jackson-dataformat-cbor-2.9.5.jar;F:\repository\com\tdunning\t-digest\3.0\t-digest-3.0.jar;F:\repository\org\hdrhistogram\HdrHistogram\2.1.9\HdrHistogram-2.1.9.jar;F:\repository\org\apache\logging\log4j\log4j-api\2.10.0\log4j-api-2.10.0.jar;F:\repository\org\elasticsearch\jna\4.5.1\jna-4.5.1.jar;F:\repository\org\springframework\boot\spring-boot-starter-test\2.0.1.RELEASE\spring-boot-starter-test-2.0.1.RELEASE.jar;F:\repository\org\springframework\boot\spring-boot-test\2.0.1.RELEASE\spring-boot-test-2.0.1.RELEASE.jar;F:\repository\org\springframework\boot\spring-boot-test-autoconfigure\2.0.1.RELEASE\spring-boot-test-autoconfigure-2.0.1.RELEASE.jar;F:\repository\com\jayway\jsonpath\json-path\2.4.0\json-path-2.4.0.jar;F:\repository\net\minidev\json-smart\2.3\json-smart-2.3.jar;F:\repository\net\minidev\accessors-smart\1.2\accessors-smart-1.2.jar;F:\repository\org\ow2\asm\asm\5.0.4\asm-5.0.4.jar;F:\repository\junit\junit\4.12\junit-4.12.jar;F:\repository\org\assertj\assertj-core\3.9.1\assertj-core-3.9.1.jar;F:\repository\org\mockito\mockito-core\2.15.0\mockito-core-2.15.0.jar;F:\repository\net\bytebuddy\byte-buddy\1.7.11\byte-buddy-1.7.11.jar;F:\repository\net\bytebuddy\byte-buddy-agent\1.7.11\byte-buddy-agent-1.7.11.jar;F:\repository\org\objenesis\objenesis\2.6\objenesis-2.6.jar;F:\repository\org\hamcrest\hamcrest-core\1.3\hamcrest-core-1.3.jar;F:\repository\org\hamcrest\hamcrest-library\1.3\hamcrest-library-1.3.jar;F:\repository\org\skyscreamer\jsonassert\1.5.0\jsonassert-1.5.0.jar;F:\repository\com\vaadin\external\google\android-json\0.0.20131108.vaadin1\android-json-0.0.20131108.vaadin1.jar;F:\repository\org\springframework\spring-core\5.0.5.RELEASE\spring-core-5.0.5.RELEASE.jar;F:\repository\org\springframework\spring-jcl\5.0.5.RELEASE\spring-jcl-5.0.5.RELEASE.jar;F:\repository\org\springframework\spring-test\5.0.5.RELEASE\spring-test-5.0.5.RELEASE.jar;F:\repository\org\xmlunit\xmlunit-core\2.5.1\xmlunit-core-2.5.1.jar;F:\repository\com\alibaba\fastjson\1.2.30\fastjson-1.2.30.jar;F:\repository\commons-io\commons-io\1.3.2\commons-io-1.3.2.jar;F:\repository\org\apache\commons\commons-lang3\3.6\commons-lang3-3.6.jar;"/>
    <property name="sun.cpu.endian" value="little"/>
    <property name="user.home" value="C:\Users\Administrator"/>
    <property name="user.language" value="zh"/>
    <property name="java.specification.vendor" value="Oracle Corporation"/>
    <property name="java.home" value="F:\develop\Java\jdk1.8.0_131\jre"/>
    <property name="basedir" value="F:\teach\xcEdu\xcEduService01\xc-service-search"/>
    <property name="file.separator" value="\"/>
    <property name="line.separator" value="&#10;"/>
    <property name="java.vm.specification.vendor" value="Oracle Corporation"/>
    <property name="java.specification.name" value="Java Platform API Specification"/>
    <property name="java.awt.graphicsenv" value="sun.awt.Win32GraphicsEnvironment"/>
    <property name="surefire.real.class.path" value="C:\Users\Administrator\AppData\Local\Temp\surefire4896801120292268056\surefirebooter6468327262971682044.jar"/>
    <property name="sun.boot.class.path" value="F:\develop\Java\jdk1.8.0_131\jre\lib\resources.jar;F:\develop\Java\jdk1.8.0_131\jre\lib\rt.jar;F:\develop\Java\jdk1.8.0_131\jre\lib\sunrsasign.jar;F:\develop\Java\jdk1.8.0_131\jre\lib\jsse.jar;F:\develop\Java\jdk1.8.0_131\jre\lib\jce.jar;F:\develop\Java\jdk1.8.0_131\jre\lib\charsets.jar;F:\develop\Java\jdk1.8.0_131\jre\lib\jfr.jar;F:\develop\Java\jdk1.8.0_131\jre\classes"/>
    <property name="user.script" value=""/>
    <property name="sun.management.compiler" value="HotSpot 64-Bit Tiered Compilers"/>
    <property name="java.runtime.version" value="1.8.0_131-b11"/>
    <property name="user.name" value="Administrator"/>
    <property name="path.separator" value=";"/>
    <property name="os.version" value="6.1"/>
    <property name="java.endorsed.dirs" value="F:\develop\Java\jdk1.8.0_131\jre\lib\endorsed"/>
    <property name="java.runtime.name" value="Java(TM) SE Runtime Environment"/>
    <property name="file.encoding" value="GBK"/>
    <property name="java.vm.name" value="Java HotSpot(TM) 64-Bit Server VM"/>
    <property name="localRepository" value="F:\repository"/>
    <property name="java.vendor.url.bug" value="http://bugreport.sun.com/bugreport/"/>
    <property name="java.io.tmpdir" value="C:\Users\Administrator\AppData\Local\Temp\"/>
    <property name="java.version" value="1.8.0_131"/>
    <property name="user.dir" value="F:\teach\xcEdu\xcEduService01\xc-service-search"/>
    <property name="os.arch" value="amd64"/>
    <property name="java.vm.specification.name" value="Java Virtual Machine Specification"/>
    <property name="java.awt.printerjob" value="sun.awt.windows.WPrinterJob"/>
    <property name="idea.version2019.1.3" value="true"/>
    <property name="sun.os.patch.level" value="Service Pack 1"/>
    <property name="java.library.path" value="F:\develop\Java\jdk1.8.0_131\jre\bin;C:\windows\Sun\Java\bin;C:\windows\system32;C:\windows;F:\Oracle\product\11.2.0\dbhome_1\bin;C:\ProgramData\Oracle\Java\javapath;F:\develop\Java\jdk1.8.0_91;F:\develop\Java\jdk1.8.0_131\bin;F:\develop\Java\jdk1.8.0_131\jre\bin;F:\Mysql\bin;C:\windows\system32;F:\develop\Java\jdk1.8.0_131\bin;F:\develop\Java\jdk1.8.0_131\jre\bin;F:\SQL Server\110\DTS\Binn\;F:\SQL Server2\110\Tools\Binn\;F:\SQL Server\110\Tools\Binn\;F:\SQL Server2\110\Tools\Binn\ManagementStudio\;C:\Program Files (x86)\Microsoft Visual Studio 10.0\Common7\IDE\PrivateAssemblies\;F:\SQL Server2\110\DTS\Binn\;C:\Program Files (x86)\NVIDIA Corporation\PhysX\Common;C:\Program Files (x86)\MySQL\MySQL Utilities 1.6;F:\apache-maven-3.6.1\bin;G:\JAVA学习\SpringBoot学习\gradle-4.10.1\bin;F:\Redis\;F:\Git\cmd;C:\Program Files\erl10.0.1\bin;F:\RabbitMQ Server\rabbitmq_server-3.7.16\sbin;F:\nodejs\npm_modules;F:\nodejs\;F:\ffmpeg-20180227-fa0c9d6-win64-static\bin;C:\Users\Administrator\AppData\Roaming\npm;."/>
    <property name="java.vm.info" value="mixed mode"/>
    <property name="java.vendor" value="Oracle Corporation"/>
    <property name="java.vm.version" value="25.131-b11"/>
    <property name="java.ext.dirs" value="F:\develop\Java\jdk1.8.0_131\jre\lib\ext;C:\windows\Sun\Java\lib\ext"/>
    <property name="sun.io.unicode.encoding" value="UnicodeLittle"/>
    <property name="maven.repo.local" value="F:\repository"/>
    <property name="java.class.version" value="52.0"/>
  </properties>
  <testcase name="testDeleteIndex" classname="com.xuecheng.search.TestIndex" time="0.132">
    <error message="Failed to load ApplicationContext" type="java.lang.IllegalStateException">java.lang.IllegalStateException: Failed to load ApplicationContext
Caused by: java.lang.IllegalStateException: Failed to introspect Class [com.xuecheng.search.service.EsCourseService] from ClassLoader [sun.misc.Launcher$AppClassLoader@28d93b30]
Caused by: java.lang.NoClassDefFoundError: com/xuecheng/framework/model/response/ResultCode
Caused by: java.lang.ClassNotFoundException: com.xuecheng.framework.model.response.ResultCode
</error>
    <system-out><![CDATA[2019-08-17 19:08:03.015 [main] DEBUG o.s.b.c.l.ClasspathLoggingApplicationListener - Application started with classpath: [file:/C:/Users/Administrator/AppData/Local/Temp/surefire4896801120292268056/surefirebooter6468327262971682044.jar]
2019-08-17 19:08:03.337 [main] DEBUG o.s.boot.SpringApplication - Loading source class org.springframework.cloud.bootstrap.config.PropertySourceBootstrapConfiguration,class org.springframework.cloud.bootstrap.encrypt.EncryptionBootstrapConfiguration,class org.springframework.cloud.autoconfigure.ConfigurationPropertiesRebinderAutoConfiguration,class org.springframework.boot.autoconfigure.context.PropertyPlaceholderAutoConfiguration
2019-08-17 19:08:03.434 [main] INFO  o.s.c.a.AnnotationConfigApplicationContext - Refreshing org.springframework.context.annotation.AnnotationConfigApplicationContext@5ef5c734: startup date [Sat Aug 17 19:08:03 CST 2019]; root of context hierarchy
2019-08-17 19:08:04.093 [main] INFO  o.s.b.f.a.AutowiredAnnotationBeanPostProcessor - JSR-330 'javax.inject.Inject' annotation found and supported for autowiring
2019-08-17 19:08:04.232 [main] INFO  o.s.c.s.PostProcessorRegistrationDelegate$BeanPostProcessorChecker - Bean 'configurationPropertiesRebinderAutoConfiguration' of type [org.springframework.cloud.autoconfigure.ConfigurationPropertiesRebinderAutoConfiguration$$EnhancerBySpringCGLIB$$ef660d10] is not eligible for getting processed by all BeanPostProcessors (for example: not eligible for auto-proxying)
2019-08-17 19:08:04.591 [main] DEBUG o.s.b.a.l.ConditionEvaluationReportLoggingListener - 


============================
CONDITIONS EVALUATION REPORT
============================


Positive matches:
-----------------

   ConfigurationPropertiesRebinderAutoConfiguration matched:
      - @ConditionalOnBean (types: org.springframework.boot.context.properties.ConfigurationPropertiesBindingPostProcessor; SearchStrategy: all) found bean 'org.springframework.boot.context.properties.ConfigurationPropertiesBindingPostProcessor' (OnBeanCondition)

   ConfigurationPropertiesRebinderAutoConfiguration#configurationPropertiesBeans matched:
      - @ConditionalOnMissingBean (types: org.springframework.cloud.context.properties.ConfigurationPropertiesBeans; SearchStrategy: current) did not find any beans (OnBeanCondition)

   ConfigurationPropertiesRebinderAutoConfiguration#configurationPropertiesRebinder matched:
      - @ConditionalOnMissingBean (types: org.springframework.cloud.context.properties.ConfigurationPropertiesRebinder; SearchStrategy: current) did not find any beans (OnBeanCondition)

   EncryptionBootstrapConfiguration matched:
      - @ConditionalOnClass found required class 'org.springframework.security.crypto.encrypt.TextEncryptor'; @ConditionalOnMissingClass did not find unwanted class (OnClassCondition)

   PropertyPlaceholderAutoConfiguration#propertySourcesPlaceholderConfigurer matched:
      - @ConditionalOnMissingBean (types: org.springframework.context.support.PropertySourcesPlaceholderConfigurer; SearchStrategy: current) did not find any beans (OnBeanCondition)


Negative matches:
-----------------

   EncryptionBootstrapConfiguration.RsaEncryptionConfiguration:
      Did not match:
         - Keystore nor key found in Environment (EncryptionBootstrapConfiguration.KeyCondition)
      Matched:
         - @ConditionalOnClass found required class 'org.springframework.security.rsa.crypto.RsaSecretEncryptor'; @ConditionalOnMissingClass did not find unwanted class (OnClassCondition)

   EncryptionBootstrapConfiguration.VanillaEncryptionConfiguration:
      Did not match:
         - @ConditionalOnMissingClass found unwanted class 'org.springframework.security.rsa.crypto.RsaSecretEncryptor' (OnClassCondition)


Exclusions:
-----------

    None


Unconditional classes:
----------------------

    None



2019-08-17 19:08:05.538 [main] DEBUG o.s.b.c.l.ClasspathLoggingApplicationListener - Application started with classpath: [file:/C:/Users/Administrator/AppData/Local/Temp/surefire4896801120292268056/surefirebooter6468327262971682044.jar]

  .   ____          _            __ _ _
 /\\ / ___'_ __ _ _(_)_ __  __ _ \ \ \ \
( ( )\___ | '_ | '_| | '_ \/ _` | \ \ \ \
 \\/  ___)| |_)| | | | | || (_| |  ) ) ) )
  '  |____| .__|_| |_|_| |_\__, | / / / /
 =========|_|==============|___/=/_/_/_/
 :: Spring Boot ::        (v2.0.1.RELEASE)

2019-08-17 19:08:05.584 [main] INFO  com.xuecheng.search.TestIndex - No active profile set, falling back to default profiles: default
2019-08-17 19:08:05.585 [main] DEBUG o.s.boot.SpringApplication - Loading source class com.xuecheng.search.SearchApplication
2019-08-17 19:08:05.598 [main] DEBUG o.s.b.c.c.ConfigFileApplicationListener - Loaded config file 'file:/F:/teach/xcEdu/xcEduService01/xc-service-search/target/classes/application.yml' (classpath:/application.yml)
2019-08-17 19:08:05.599 [main] INFO  o.s.w.c.s.GenericWebApplicationContext - Refreshing org.springframework.web.context.support.GenericWebApplicationContext@3a1d593e: startup date [Sat Aug 17 19:08:05 CST 2019]; parent: org.springframework.context.annotation.AnnotationConfigApplicationContext@5ef5c734
2019-08-17 19:08:07.205 [main] DEBUG o.s.b.a.AutoConfigurationPackages - @EnableAutoConfiguration was declared on a class in the package 'com.xuecheng.search'. Automatic @Repository and @Entity scanning is enabled.
2019-08-17 19:08:07.926 [main] INFO  o.s.cloud.context.scope.GenericScope - BeanFactory id=706f65af-0f7d-36b1-8ea3-cca8dd491e29
]]></system-out>
    <system-err><![CDATA[八月 17, 2019 7:07:59 下午 org.springframework.boot.test.context.SpringBootTestContextBootstrapper buildDefaultMergedContextConfiguration
信息: Neither @ContextConfiguration nor @ContextHierarchy found for test class [com.xuecheng.search.TestIndex], using SpringBootContextLoader
八月 17, 2019 7:07:59 下午 org.springframework.test.context.support.AbstractContextLoader generateDefaultLocations
信息: Could not detect default resource locations for test class [com.xuecheng.search.TestIndex]: no resource found for suffixes {-context.xml, Context.groovy}.
八月 17, 2019 7:07:59 下午 org.springframework.test.context.support.AnnotationConfigContextLoaderUtils detectDefaultConfigurationClasses
信息: Could not detect default configuration classes for test class [com.xuecheng.search.TestIndex]: TestIndex does not declare any static, non-private, non-final, nested classes annotated with @Configuration.
八月 17, 2019 7:08:00 下午 org.springframework.boot.test.context.SpringBootTestContextBootstrapper getOrFindConfigurationClasses
信息: Found @SpringBootConfiguration com.xuecheng.search.SearchApplication for test class com.xuecheng.search.TestIndex
八月 17, 2019 7:08:00 下午 org.springframework.boot.test.context.SpringBootTestContextBootstrapper getDefaultTestExecutionListenerClassNames
信息: Loaded default TestExecutionListener class names from location [META-INF/spring.factories]: [org.springframework.boot.test.mock.mockito.MockitoTestExecutionListener, org.springframework.boot.test.mock.mockito.ResetMocksTestExecutionListener, org.springframework.boot.test.autoconfigure.restdocs.RestDocsTestExecutionListener, org.springframework.boot.test.autoconfigure.web.client.MockRestServiceServerResetTestExecutionListener, org.springframework.boot.test.autoconfigure.web.servlet.MockMvcPrintOnlyOnFailureTestExecutionListener, org.springframework.boot.test.autoconfigure.web.servlet.WebDriverTestExecutionListener, org.springframework.test.context.web.ServletTestExecutionListener, org.springframework.test.context.support.DirtiesContextBeforeModesTestExecutionListener, org.springframework.test.context.support.DependencyInjectionTestExecutionListener, org.springframework.test.context.support.DirtiesContextTestExecutionListener, org.springframework.test.context.transaction.TransactionalTestExecutionListener, org.springframework.test.context.jdbc.SqlScriptsTestExecutionListener]
八月 17, 2019 7:08:00 下午 org.springframework.boot.test.context.SpringBootTestContextBootstrapper getTestExecutionListeners
信息: Using TestExecutionListeners: [org.springframework.test.context.web.ServletTestExecutionListener@4da4253, org.springframework.test.context.support.DirtiesContextBeforeModesTestExecutionListener@3972a855, org.springframework.boot.test.mock.mockito.MockitoTestExecutionListener@62e7f11d, org.springframework.boot.test.autoconfigure.SpringBootDependencyInjectionTestExecutionListener@503d687a, org.springframework.test.context.support.DirtiesContextTestExecutionListener@6a370f4, org.springframework.test.context.transaction.TransactionalTestExecutionListener@2abf4075, org.springframework.test.context.jdbc.SqlScriptsTestExecutionListener@770d3326, org.springframework.boot.test.mock.mockito.ResetMocksTestExecutionListener@4cc8eb05, org.springframework.boot.test.autoconfigure.restdocs.RestDocsTestExecutionListener@51f116b8, org.springframework.boot.test.autoconfigure.web.client.MockRestServiceServerResetTestExecutionListener@19d481b, org.springframework.boot.test.autoconfigure.web.servlet.MockMvcPrintOnlyOnFailureTestExecutionListener@1f97cf0d, org.springframework.boot.test.autoconfigure.web.servlet.WebDriverTestExecutionListener@140c9f39]
]]></system-err>
  </testcase>
  <testcase name="testCreateIndex" classname="com.xuecheng.search.TestIndex" time="0.002">
    <error message="Failed to load ApplicationContext" type="java.lang.IllegalStateException">java.lang.IllegalStateException: Failed to load ApplicationContext
Caused by: java.lang.IllegalStateException: Failed to introspect Class [com.xuecheng.search.service.EsCourseService] from ClassLoader [sun.misc.Launcher$AppClassLoader@28d93b30]
Caused by: java.lang.NoClassDefFoundError: com/xuecheng/framework/model/response/ResultCode
Caused by: java.lang.ClassNotFoundException: com.xuecheng.framework.model.response.ResultCode
</error>
    <system-out><![CDATA[2019-08-17 19:08:08.598 [main] DEBUG o.s.b.c.l.ClasspathLoggingApplicationListener - Application started with classpath: [file:/C:/Users/Administrator/AppData/Local/Temp/surefire4896801120292268056/surefirebooter6468327262971682044.jar]
2019-08-17 19:08:08.604 [main] DEBUG o.s.boot.SpringApplication - Loading source class org.springframework.cloud.bootstrap.config.PropertySourceBootstrapConfiguration,class org.springframework.cloud.bootstrap.encrypt.EncryptionBootstrapConfiguration,class org.springframework.cloud.autoconfigure.ConfigurationPropertiesRebinderAutoConfiguration,class org.springframework.boot.autoconfigure.context.PropertyPlaceholderAutoConfiguration
2019-08-17 19:08:08.609 [main] INFO  o.s.c.a.AnnotationConfigApplicationContext - Refreshing org.springframework.context.annotation.AnnotationConfigApplicationContext@5434e40c: startup date [Sat Aug 17 19:08:08 CST 2019]; root of context hierarchy
2019-08-17 19:08:08.642 [main] INFO  o.s.b.f.a.AutowiredAnnotationBeanPostProcessor - JSR-330 'javax.inject.Inject' annotation found and supported for autowiring
2019-08-17 19:08:08.680 [main] INFO  o.s.c.s.PostProcessorRegistrationDelegate$BeanPostProcessorChecker - Bean 'configurationPropertiesRebinderAutoConfiguration' of type [org.springframework.cloud.autoconfigure.ConfigurationPropertiesRebinderAutoConfiguration$$EnhancerBySpringCGLIB$$ef660d10] is not eligible for getting processed by all BeanPostProcessors (for example: not eligible for auto-proxying)
2019-08-17 19:08:08.732 [main] DEBUG o.s.b.a.l.ConditionEvaluationReportLoggingListener - 


============================
CONDITIONS EVALUATION REPORT
============================


Positive matches:
-----------------

   ConfigurationPropertiesRebinderAutoConfiguration matched:
      - @ConditionalOnBean (types: org.springframework.boot.context.properties.ConfigurationPropertiesBindingPostProcessor; SearchStrategy: all) found bean 'org.springframework.boot.context.properties.ConfigurationPropertiesBindingPostProcessor' (OnBeanCondition)

   ConfigurationPropertiesRebinderAutoConfiguration#configurationPropertiesBeans matched:
      - @ConditionalOnMissingBean (types: org.springframework.cloud.context.properties.ConfigurationPropertiesBeans; SearchStrategy: current) did not find any beans (OnBeanCondition)

   ConfigurationPropertiesRebinderAutoConfiguration#configurationPropertiesRebinder matched:
      - @ConditionalOnMissingBean (types: org.springframework.cloud.context.properties.ConfigurationPropertiesRebinder; SearchStrategy: current) did not find any beans (OnBeanCondition)

   EncryptionBootstrapConfiguration matched:
      - @ConditionalOnClass found required class 'org.springframework.security.crypto.encrypt.TextEncryptor'; @ConditionalOnMissingClass did not find unwanted class (OnClassCondition)

   PropertyPlaceholderAutoConfiguration#propertySourcesPlaceholderConfigurer matched:
      - @ConditionalOnMissingBean (types: org.springframework.context.support.PropertySourcesPlaceholderConfigurer; SearchStrategy: current) did not find any beans (OnBeanCondition)


Negative matches:
-----------------

   EncryptionBootstrapConfiguration.RsaEncryptionConfiguration:
      Did not match:
         - Keystore nor key found in Environment (EncryptionBootstrapConfiguration.KeyCondition)
      Matched:
         - @ConditionalOnClass found required class 'org.springframework.security.rsa.crypto.RsaSecretEncryptor'; @ConditionalOnMissingClass did not find unwanted class (OnClassCondition)

   EncryptionBootstrapConfiguration.VanillaEncryptionConfiguration:
      Did not match:
         - @ConditionalOnMissingClass found unwanted class 'org.springframework.security.rsa.crypto.RsaSecretEncryptor' (OnClassCondition)


Exclusions:
-----------

    None


Unconditional classes:
----------------------

    None



2019-08-17 19:08:09.214 [main] DEBUG o.s.b.c.l.ClasspathLoggingApplicationListener - Application started with classpath: [file:/C:/Users/Administrator/AppData/Local/Temp/surefire4896801120292268056/surefirebooter6468327262971682044.jar]

  .   ____          _            __ _ _
 /\\ / ___'_ __ _ _(_)_ __  __ _ \ \ \ \
( ( )\___ | '_ | '_| | '_ \/ _` | \ \ \ \
 \\/  ___)| |_)| | | | | || (_| |  ) ) ) )
  '  |____| .__|_| |_|_| |_\__, | / / / /
 =========|_|==============|___/=/_/_/_/
 :: Spring Boot ::        (v2.0.1.RELEASE)

2019-08-17 19:08:09.226 [main] INFO  com.xuecheng.search.TestIndex - No active profile set, falling back to default profiles: default
2019-08-17 19:08:09.227 [main] DEBUG o.s.boot.SpringApplication - Loading source class com.xuecheng.search.SearchApplication
2019-08-17 19:08:09.235 [main] DEBUG o.s.b.c.c.ConfigFileApplicationListener - Loaded config file 'file:/F:/teach/xcEdu/xcEduService01/xc-service-search/target/classes/application.yml' (classpath:/application.yml)
2019-08-17 19:08:09.236 [main] INFO  o.s.w.c.s.GenericWebApplicationContext - Refreshing org.springframework.web.context.support.GenericWebApplicationContext@79b2852b: startup date [Sat Aug 17 19:08:09 CST 2019]; parent: org.springframework.context.annotation.AnnotationConfigApplicationContext@5434e40c
2019-08-17 19:08:10.231 [main] DEBUG o.s.b.a.AutoConfigurationPackages - @EnableAutoConfiguration was declared on a class in the package 'com.xuecheng.search'. Automatic @Repository and @Entity scanning is enabled.
2019-08-17 19:08:10.405 [main] INFO  o.s.cloud.context.scope.GenericScope - BeanFactory id=706f65af-0f7d-36b1-8ea3-cca8dd491e29
]]></system-out>
  </testcase>
  <testcase name="testAddDoc" classname="com.xuecheng.search.TestIndex" time="0.001">
    <error message="Failed to load ApplicationContext" type="java.lang.IllegalStateException">java.lang.IllegalStateException: Failed to load ApplicationContext
Caused by: java.lang.IllegalStateException: Failed to introspect Class [com.xuecheng.search.service.EsCourseService] from ClassLoader [sun.misc.Launcher$AppClassLoader@28d93b30]
Caused by: java.lang.NoClassDefFoundError: com/xuecheng/framework/model/response/ResultCode
Caused by: java.lang.ClassNotFoundException: com.xuecheng.framework.model.response.ResultCode
</error>
    <system-out><![CDATA[2019-08-17 19:08:11.371 [main] DEBUG o.s.b.c.l.ClasspathLoggingApplicationListener - Application started with classpath: [file:/C:/Users/Administrator/AppData/Local/Temp/surefire4896801120292268056/surefirebooter6468327262971682044.jar]
2019-08-17 19:08:11.382 [main] DEBUG o.s.boot.SpringApplication - Loading source class org.springframework.cloud.bootstrap.config.PropertySourceBootstrapConfiguration,class org.springframework.cloud.bootstrap.encrypt.EncryptionBootstrapConfiguration,class org.springframework.cloud.autoconfigure.ConfigurationPropertiesRebinderAutoConfiguration,class org.springframework.boot.autoconfigure.context.PropertyPlaceholderAutoConfiguration
2019-08-17 19:08:11.399 [main] INFO  o.s.c.a.AnnotationConfigApplicationContext - Refreshing org.springframework.context.annotation.AnnotationConfigApplicationContext@1cb9ef52: startup date [Sat Aug 17 19:08:11 CST 2019]; root of context hierarchy
2019-08-17 19:08:11.451 [main] INFO  o.s.b.f.a.AutowiredAnnotationBeanPostProcessor - JSR-330 'javax.inject.Inject' annotation found and supported for autowiring
2019-08-17 19:08:11.503 [main] INFO  o.s.c.s.PostProcessorRegistrationDelegate$BeanPostProcessorChecker - Bean 'configurationPropertiesRebinderAutoConfiguration' of type [org.springframework.cloud.autoconfigure.ConfigurationPropertiesRebinderAutoConfiguration$$EnhancerBySpringCGLIB$$ef660d10] is not eligible for getting processed by all BeanPostProcessors (for example: not eligible for auto-proxying)
2019-08-17 19:08:11.584 [main] DEBUG o.s.b.a.l.ConditionEvaluationReportLoggingListener - 


============================
CONDITIONS EVALUATION REPORT
============================


Positive matches:
-----------------

   ConfigurationPropertiesRebinderAutoConfiguration matched:
      - @ConditionalOnBean (types: org.springframework.boot.context.properties.ConfigurationPropertiesBindingPostProcessor; SearchStrategy: all) found bean 'org.springframework.boot.context.properties.ConfigurationPropertiesBindingPostProcessor' (OnBeanCondition)

   ConfigurationPropertiesRebinderAutoConfiguration#configurationPropertiesBeans matched:
      - @ConditionalOnMissingBean (types: org.springframework.cloud.context.properties.ConfigurationPropertiesBeans; SearchStrategy: current) did not find any beans (OnBeanCondition)

   ConfigurationPropertiesRebinderAutoConfiguration#configurationPropertiesRebinder matched:
      - @ConditionalOnMissingBean (types: org.springframework.cloud.context.properties.ConfigurationPropertiesRebinder; SearchStrategy: current) did not find any beans (OnBeanCondition)

   EncryptionBootstrapConfiguration matched:
      - @ConditionalOnClass found required class 'org.springframework.security.crypto.encrypt.TextEncryptor'; @ConditionalOnMissingClass did not find unwanted class (OnClassCondition)

   PropertyPlaceholderAutoConfiguration#propertySourcesPlaceholderConfigurer matched:
      - @ConditionalOnMissingBean (types: org.springframework.context.support.PropertySourcesPlaceholderConfigurer; SearchStrategy: current) did not find any beans (OnBeanCondition)


Negative matches:
-----------------

   EncryptionBootstrapConfiguration.RsaEncryptionConfiguration:
      Did not match:
         - Keystore nor key found in Environment (EncryptionBootstrapConfiguration.KeyCondition)
      Matched:
         - @ConditionalOnClass found required class 'org.springframework.security.rsa.crypto.RsaSecretEncryptor'; @ConditionalOnMissingClass did not find unwanted class (OnClassCondition)

   EncryptionBootstrapConfiguration.VanillaEncryptionConfiguration:
      Did not match:
         - @ConditionalOnMissingClass found unwanted class 'org.springframework.security.rsa.crypto.RsaSecretEncryptor' (OnClassCondition)


Exclusions:
-----------

    None


Unconditional classes:
----------------------

    None



2019-08-17 19:08:12.222 [main] DEBUG o.s.b.c.l.ClasspathLoggingApplicationListener - Application started with classpath: [file:/C:/Users/Administrator/AppData/Local/Temp/surefire4896801120292268056/surefirebooter6468327262971682044.jar]

  .   ____          _            __ _ _
 /\\ / ___'_ __ _ _(_)_ __  __ _ \ \ \ \
( ( )\___ | '_ | '_| | '_ \/ _` | \ \ \ \
 \\/  ___)| |_)| | | | | || (_| |  ) ) ) )
  '  |____| .__|_| |_|_| |_\__, | / / / /
 =========|_|==============|___/=/_/_/_/
 :: Spring Boot ::        (v2.0.1.RELEASE)

2019-08-17 19:08:12.231 [main] INFO  com.xuecheng.search.TestIndex - No active profile set, falling back to default profiles: default
2019-08-17 19:08:12.232 [main] DEBUG o.s.boot.SpringApplication - Loading source class com.xuecheng.search.SearchApplication
2019-08-17 19:08:12.237 [main] DEBUG o.s.b.c.c.ConfigFileApplicationListener - Loaded config file 'file:/F:/teach/xcEdu/xcEduService01/xc-service-search/target/classes/application.yml' (classpath:/application.yml)
2019-08-17 19:08:12.237 [main] INFO  o.s.w.c.s.GenericWebApplicationContext - Refreshing org.springframework.web.context.support.GenericWebApplicationContext@6c33da7a: startup date [Sat Aug 17 19:08:12 CST 2019]; parent: org.springframework.context.annotation.AnnotationConfigApplicationContext@1cb9ef52
2019-08-17 19:08:13.063 [main] DEBUG o.s.b.a.AutoConfigurationPackages - @EnableAutoConfiguration was declared on a class in the package 'com.xuecheng.search'. Automatic @Repository and @Entity scanning is enabled.
2019-08-17 19:08:13.212 [main] INFO  o.s.cloud.context.scope.GenericScope - BeanFactory id=706f65af-0f7d-36b1-8ea3-cca8dd491e29
]]></system-out>
  </testcase>
  <testcase name="testGetDoc" classname="com.xuecheng.search.TestIndex" time="0.001">
    <error message="Failed to load ApplicationContext" type="java.lang.IllegalStateException">java.lang.IllegalStateException: Failed to load ApplicationContext
Caused by: java.lang.IllegalStateException: Failed to introspect Class [com.xuecheng.search.service.EsCourseService] from ClassLoader [sun.misc.Launcher$AppClassLoader@28d93b30]
Caused by: java.lang.NoClassDefFoundError: com/xuecheng/framework/model/response/ResultCode
Caused by: java.lang.ClassNotFoundException: com.xuecheng.framework.model.response.ResultCode
</error>
    <system-out><![CDATA[2019-08-17 19:08:13.903 [main] DEBUG o.s.b.c.l.ClasspathLoggingApplicationListener - Application started with classpath: [file:/C:/Users/Administrator/AppData/Local/Temp/surefire4896801120292268056/surefirebooter6468327262971682044.jar]
2019-08-17 19:08:13.907 [main] DEBUG o.s.boot.SpringApplication - Loading source class org.springframework.cloud.bootstrap.config.PropertySourceBootstrapConfiguration,class org.springframework.cloud.bootstrap.encrypt.EncryptionBootstrapConfiguration,class org.springframework.cloud.autoconfigure.ConfigurationPropertiesRebinderAutoConfiguration,class org.springframework.boot.autoconfigure.context.PropertyPlaceholderAutoConfiguration
2019-08-17 19:08:13.913 [main] INFO  o.s.c.a.AnnotationConfigApplicationContext - Refreshing org.springframework.context.annotation.AnnotationConfigApplicationContext@3c17bd0b: startup date [Sat Aug 17 19:08:13 CST 2019]; root of context hierarchy
2019-08-17 19:08:13.938 [main] INFO  o.s.b.f.a.AutowiredAnnotationBeanPostProcessor - JSR-330 'javax.inject.Inject' annotation found and supported for autowiring
2019-08-17 19:08:13.967 [main] INFO  o.s.c.s.PostProcessorRegistrationDelegate$BeanPostProcessorChecker - Bean 'configurationPropertiesRebinderAutoConfiguration' of type [org.springframework.cloud.autoconfigure.ConfigurationPropertiesRebinderAutoConfiguration$$EnhancerBySpringCGLIB$$ef660d10] is not eligible for getting processed by all BeanPostProcessors (for example: not eligible for auto-proxying)
2019-08-17 19:08:14.011 [main] DEBUG o.s.b.a.l.ConditionEvaluationReportLoggingListener - 


============================
CONDITIONS EVALUATION REPORT
============================


Positive matches:
-----------------

   ConfigurationPropertiesRebinderAutoConfiguration matched:
      - @ConditionalOnBean (types: org.springframework.boot.context.properties.ConfigurationPropertiesBindingPostProcessor; SearchStrategy: all) found bean 'org.springframework.boot.context.properties.ConfigurationPropertiesBindingPostProcessor' (OnBeanCondition)

   ConfigurationPropertiesRebinderAutoConfiguration#configurationPropertiesBeans matched:
      - @ConditionalOnMissingBean (types: org.springframework.cloud.context.properties.ConfigurationPropertiesBeans; SearchStrategy: current) did not find any beans (OnBeanCondition)

   ConfigurationPropertiesRebinderAutoConfiguration#configurationPropertiesRebinder matched:
      - @ConditionalOnMissingBean (types: org.springframework.cloud.context.properties.ConfigurationPropertiesRebinder; SearchStrategy: current) did not find any beans (OnBeanCondition)

   EncryptionBootstrapConfiguration matched:
      - @ConditionalOnClass found required class 'org.springframework.security.crypto.encrypt.TextEncryptor'; @ConditionalOnMissingClass did not find unwanted class (OnClassCondition)

   PropertyPlaceholderAutoConfiguration#propertySourcesPlaceholderConfigurer matched:
      - @ConditionalOnMissingBean (types: org.springframework.context.support.PropertySourcesPlaceholderConfigurer; SearchStrategy: current) did not find any beans (OnBeanCondition)


Negative matches:
-----------------

   EncryptionBootstrapConfiguration.RsaEncryptionConfiguration:
      Did not match:
         - Keystore nor key found in Environment (EncryptionBootstrapConfiguration.KeyCondition)
      Matched:
         - @ConditionalOnClass found required class 'org.springframework.security.rsa.crypto.RsaSecretEncryptor'; @ConditionalOnMissingClass did not find unwanted class (OnClassCondition)

   EncryptionBootstrapConfiguration.VanillaEncryptionConfiguration:
      Did not match:
         - @ConditionalOnMissingClass found unwanted class 'org.springframework.security.rsa.crypto.RsaSecretEncryptor' (OnClassCondition)


Exclusions:
-----------

    None


Unconditional classes:
----------------------

    None



2019-08-17 19:08:14.451 [main] DEBUG o.s.b.c.l.ClasspathLoggingApplicationListener - Application started with classpath: [file:/C:/Users/Administrator/AppData/Local/Temp/surefire4896801120292268056/surefirebooter6468327262971682044.jar]

  .   ____          _            __ _ _
 /\\ / ___'_ __ _ _(_)_ __  __ _ \ \ \ \
( ( )\___ | '_ | '_| | '_ \/ _` | \ \ \ \
 \\/  ___)| |_)| | | | | || (_| |  ) ) ) )
  '  |____| .__|_| |_|_| |_\__, | / / / /
 =========|_|==============|___/=/_/_/_/
 :: Spring Boot ::        (v2.0.1.RELEASE)

2019-08-17 19:08:14.458 [main] INFO  com.xuecheng.search.TestIndex - No active profile set, falling back to default profiles: default
2019-08-17 19:08:14.459 [main] DEBUG o.s.boot.SpringApplication - Loading source class com.xuecheng.search.SearchApplication
2019-08-17 19:08:14.463 [main] DEBUG o.s.b.c.c.ConfigFileApplicationListener - Loaded config file 'file:/F:/teach/xcEdu/xcEduService01/xc-service-search/target/classes/application.yml' (classpath:/application.yml)
2019-08-17 19:08:14.463 [main] INFO  o.s.w.c.s.GenericWebApplicationContext - Refreshing org.springframework.web.context.support.GenericWebApplicationContext@22fb9a2c: startup date [Sat Aug 17 19:08:14 CST 2019]; parent: org.springframework.context.annotation.AnnotationConfigApplicationContext@3c17bd0b
2019-08-17 19:08:15.278 [main] DEBUG o.s.b.a.AutoConfigurationPackages - @EnableAutoConfiguration was declared on a class in the package 'com.xuecheng.search'. Automatic @Repository and @Entity scanning is enabled.
2019-08-17 19:08:15.382 [main] INFO  o.s.cloud.context.scope.GenericScope - BeanFactory id=706f65af-0f7d-36b1-8ea3-cca8dd491e29
]]></system-out>
  </testcase>
</testsuite>